<?xml version="1.0" encoding="UTF-8"?>
<testsuites name="TC_Amazon_003" time="18.836" tests="1" failures="0" errors="0">
   <testsuite name="TC_Amazon_003" tests="1" failures="0" errors="0" time="18.836" skipped="0" timestamp="26-01-2024T02:06:45" hostname="roopadharshini - Roopa" id="Test Suites/Amazon Home Page/TC_Amazon_003">
      <properties>
         <property name="deviceName" value=""/>
         <property name="devicePlatform" value=""/>
         <property name="logFolder" value="E:\\Katalon Testing\\Amazon Software Testing\\Reports\\20240126_020635\\Amazon Home Page\\TC_Amazon_003\\20240126_020635"/>
         <property name="logFiles" value="E:\\Katalon Testing\\Amazon Software Testing\\Reports\\20240126_020635\\Amazon Home Page\\TC_Amazon_003\\20240126_020635\\execution0.log"/>
         <property name="attachments" value=""/>
         <property name="hostName" value="roopadharshini - Roopa"/>
         <property name="os" value="Windows 11 64bit"/>
         <property name="katalonVersion" value="9.2.0.212"/>
         <property name="browser" value="Chrome 120.0.0.0"/>
         <property name="hostAddress" value="192.168.1.3"/>
         <property name="sessionId" value="0c1585d5d2b112338df6c4707a0d2b92"/>
         <property name="seleniumVersion" value="3.141.59"/>
         <property name="proxyInformation" value="ProxyInformation { proxyOption=NO_PROXY, proxyServerType=HTTP, username=, password=********, proxyServerAddress=, proxyServerPort=0, executionList=&quot;&quot;, isApplyToDesiredCapabilities=true }"/>
         <property name="platform" value="Windows 11"/>
      </properties>
      <testcase name="Test Cases/Amazon/Amazon Home Page/Validate_Amazon_Home_Page_Lang_Country_003" time="18.429" classname="Test Cases/Amazon/Amazon Home Page/Validate_Amazon_Home_Page_Lang_Country_003" status="PASSED">
         <system-out><![CDATA[26-01-2024T02:06:45 - [TEST_CASE][PASSED] - Test Cases/Amazon/Amazon Home Page/Validate_Amazon_Home_Page_Lang_Country_003: Test Cases/Amazon/Amazon Home Page/Validate_Amazon_Home_Page_Lang_Country_003

26-01-2024T02:06:46 - [TEST_STEP][PASSED] - openBrowser(""): Browser is opened with url: ''

26-01-2024T02:06:47 - [MESSAGE][INFO] - Starting 'Chrome' driver

26-01-2024T02:06:47 - [MESSAGE][INFO] - Action delay is set to 0 milliseconds

26-01-2024T02:06:49 - [MESSAGE][PASSED] - Browser is opened with url: ''

26-01-2024T02:06:49 - [TEST_STEP][PASSED] - navigateToUrl("https://www.amazon.in/"): Navigate to 'https://www.amazon.in/' successfully

26-01-2024T02:06:50 - [MESSAGE][PASSED] - Navigate to 'https://www.amazon.in/' successfully

26-01-2024T02:06:50 - [TEST_STEP][PASSED] - click(findTestObject("Object Repository/Amazon Pages/Validate_Amazon_Home_Page_Lang_003/Page_Online Shopping site in India Shop Onl_10c5f3/span_EN")): Object: 'Object Repository/Amazon Pages/Validate_Amazon_Home_Page_Lang_003/Page_Online Shopping site in India Shop Onl_10c5f3/span_EN' is clicked on

26-01-2024T02:07:01 - [MESSAGE][PASSED] - Object: 'Object Repository/Amazon Pages/Validate_Amazon_Home_Page_Lang_003/Page_Online Shopping site in India Shop Onl_10c5f3/span_EN' is clicked on

26-01-2024T02:07:01 - [TEST_STEP][PASSED] - click(findTestObject("Object Repository/Amazon Pages/Validate_Amazon_Home_Page_Lang_003/Page_Change Language Settings/span_English -        EN")): Object: 'Object Repository/Amazon Pages/Validate_Amazon_Home_Page_Lang_003/Page_Change Language Settings/span_English -        EN' is clicked on

26-01-2024T02:07:02 - [MESSAGE][PASSED] - Object: 'Object Repository/Amazon Pages/Validate_Amazon_Home_Page_Lang_003/Page_Change Language Settings/span_English -        EN' is clicked on

26-01-2024T02:07:02 - [TEST_STEP][PASSED] - click(findTestObject("Object Repository/Amazon Pages/Validate_Amazon_Home_Page_Lang_003/Page_Change Language Settings/input_a-button-input")): Object: 'Object Repository/Amazon Pages/Validate_Amazon_Home_Page_Lang_003/Page_Change Language Settings/input_a-button-input' is clicked on

26-01-2024T02:07:03 - [MESSAGE][PASSED] - Object: 'Object Repository/Amazon Pages/Validate_Amazon_Home_Page_Lang_003/Page_Change Language Settings/input_a-button-input' is clicked on

26-01-2024T02:07:03 - [TEST_STEP][PASSED] - closeBrowser(): Browser is closed

26-01-2024T02:07:04 - [MESSAGE][PASSED] - Browser is closed]]></system-out>
         <system-err><![CDATA[]]></system-err>
      </testcase>
      <system-out><![CDATA[26-01-2024T02:06:45 - [TEST_SUITE][PASSED] - TC_Amazon_003: Test Cases/Amazon/Amazon Home Page/Validate_Amazon_Home_Page_Lang_Country_003]]></system-out>
      <system-err><![CDATA[]]></system-err>
   </testsuite>
</testsuites>
