<?xml version="1.0" encoding="UTF-8"?>
<testsuites name="TC_Listener_Login" time="22.772" tests="1" failures="0" errors="0">
   <testsuite name="TC_Listener_Login" tests="1" failures="0" errors="0" time="22.772" skipped="0" timestamp="05-02-2024T17:38:00" hostname="roopadharshini - host.docker.internal" id="Test Suites/TC_Listener_Login">
      <properties>
         <property name="deviceName" value=""/>
         <property name="devicePlatform" value=""/>
         <property name="logFolder" value="E:\\Katalon Testing\\Amazon Software Testing\\Reports\\20240205_173745\\TC_Listener_Login\\20240205_173745"/>
         <property name="logFiles" value="E:\\Katalon Testing\\Amazon Software Testing\\Reports\\20240205_173745\\TC_Listener_Login\\20240205_173745\\execution0.log"/>
         <property name="attachments" value=""/>
         <property name="hostName" value="roopadharshini - host.docker.internal"/>
         <property name="os" value="Windows 11 64bit"/>
         <property name="katalonVersion" value="9.2.0.212"/>
         <property name="browser" value="Chrome 121.0.0.0"/>
         <property name="hostAddress" value="192.168.1.7"/>
         <property name="sessionId" value="ffe7b4823ad9323cb67d6fc7ca29dd8c"/>
         <property name="seleniumVersion" value="3.141.59"/>
         <property name="proxyInformation" value="ProxyInformation { proxyOption=NO_PROXY, proxyServerType=HTTP, username=, password=********, proxyServerAddress=, proxyServerPort=0, executionList=&quot;&quot;, isApplyToDesiredCapabilities=true }"/>
         <property name="platform" value="Windows 11"/>
      </properties>
      <testcase name="Test Cases/Test Listeners/Login" time="21.938" classname="Test Cases/Test Listeners/Login" status="PASSED">
         <system-out><![CDATA[05-02-2024T17:38:01 - [TEST_CASE][PASSED] - Test Cases/Test Listeners/Login: Test Cases/Test Listeners/Login

05-02-2024T17:38:01 - [TEST_STEP][PASSED] - Start listener action : sampleBeforeTestCase: Navigate to 'https://www.amazon.in/' successfully

05-02-2024T17:38:01 - [TEST_STEP][PASSED] - openBrowser(""): Browser is opened with url: ''

05-02-2024T17:38:02 - [MESSAGE][INFO] - Starting 'Chrome' driver

05-02-2024T17:38:02 - [MESSAGE][INFO] - Action delay is set to 0 milliseconds

05-02-2024T17:38:06 - [MESSAGE][PASSED] - Browser is opened with url: ''

05-02-2024T17:38:06 - [TEST_STEP][PASSED] - navigateToUrl("https://www.amazon.in/"): Navigate to 'https://www.amazon.in/' successfully

05-02-2024T17:38:07 - [MESSAGE][PASSED] - Navigate to 'https://www.amazon.in/' successfully

05-02-2024T17:38:08 - [TEST_STEP][PASSED] - click(findTestObject("Object Repository/Test Listener/Page_Online Shopping site in India Shop Onl_10c5f3/a_Hello, sign in  Account  Lists")): Object: 'Object Repository/Test Listener/Page_Online Shopping site in India Shop Onl_10c5f3/a_Hello, sign in  Account  Lists' is clicked on

05-02-2024T17:38:10 - [MESSAGE][PASSED] - Object: 'Object Repository/Test Listener/Page_Online Shopping site in India Shop Onl_10c5f3/a_Hello, sign in  Account  Lists' is clicked on

05-02-2024T17:38:10 - [TEST_STEP][PASSED] - setText(findTestObject("Object Repository/Test Listener/Page_Amazon Sign In/input_email"), "example@gmail.com"): Text 'example@gmail.com' is set on object 'Object Repository/Test Listener/Page_Amazon Sign In/input_email'

05-02-2024T17:38:12 - [MESSAGE][PASSED] - Text 'example@gmail.com' is set on object 'Object Repository/Test Listener/Page_Amazon Sign In/input_email'

05-02-2024T17:38:12 - [TEST_STEP][PASSED] - click(findTestObject("Object Repository/Test Listener/Page_Amazon Sign In/inputcontinue")): Object: 'Object Repository/Test Listener/Page_Amazon Sign In/inputcontinue' is clicked on

05-02-2024T17:38:14 - [MESSAGE][PASSED] - Object: 'Object Repository/Test Listener/Page_Amazon Sign In/inputcontinue' is clicked on

05-02-2024T17:38:14 - [TEST_STEP][PASSED] - setEncryptedText(findTestObject("Object Repository/Test Listener/Page_Amazon Sign In/input_password"), "8SQVv/p9jVScEs4/2CZsLw=="): Text ****** has been set on object 'Object Repository/Test Listener/Page_Amazon Sign In/input_password'

05-02-2024T17:38:15 - [MESSAGE][PASSED] - Text ****** has been set on object 'Object Repository/Test Listener/Page_Amazon Sign In/input_password'

05-02-2024T17:38:15 - [TEST_STEP][PASSED] - click(findTestObject("Object Repository/Test Listener/Page_Amazon Sign In/inputsignInSubmit")): Object: 'Object Repository/Test Listener/Page_Amazon Sign In/inputsignInSubmit' is clicked on

05-02-2024T17:38:16 - [MESSAGE][PASSED] - Object: 'Object Repository/Test Listener/Page_Amazon Sign In/inputsignInSubmit' is clicked on

05-02-2024T17:38:16 - [TEST_STEP][PASSED] - Start tear down : tearDownTestCase: Method 'tearDownTestCase' complete successfully

05-02-2024T17:38:16 - [TEST_STEP][PASSED] - delay(3): Delayed 3 second(s)

05-02-2024T17:38:19 - [MESSAGE][PASSED] - Delayed 3 second(s)

05-02-2024T17:38:19 - [TEST_STEP][PASSED] - closeBrowser(): Browser is closed

05-02-2024T17:38:20 - [MESSAGE][PASSED] - Browser is closed

05-02-2024T17:38:20 - [MESSAGE][PASSED] - Method 'tearDownTestCase' complete successfully

05-02-2024T17:38:20 - [TEST_STEP][PASSED] - Start listener action : sampleAfterTestCase: Browser is closed

05-02-2024T17:38:20 - [TEST_STEP][PASSED] - delay(3): Delayed 3 second(s)

05-02-2024T17:38:23 - [MESSAGE][PASSED] - Delayed 3 second(s)

05-02-2024T17:38:23 - [TEST_STEP][PASSED] - closeBrowser(): Browser is closed

05-02-2024T17:38:23 - [MESSAGE][PASSED] - Browser is closed]]></system-out>
         <system-err><![CDATA[]]></system-err>
      </testcase>
      <system-out><![CDATA[05-02-2024T17:38:00 - [TEST_SUITE][PASSED] - TC_Listener_Login: Test Cases/Test Listeners/Login]]></system-out>
      <system-err><![CDATA[]]></system-err>
   </testsuite>
</testsuites>
