<?xml version="1.0" encoding="UTF-8"?>
<testsuites name="TC_Amazon_001" time="8.884" tests="1" failures="0" errors="0">
   <testsuite name="TC_Amazon_001" tests="1" failures="0" errors="0" time="8.884" skipped="0" timestamp="26-01-2024T02:03:16" hostname="roopadharshini - Roopa" id="Test Suites/Amazon Home Page/TC_Amazon_001">
      <properties>
         <property name="deviceName" value=""/>
         <property name="devicePlatform" value=""/>
         <property name="logFolder" value="E:\\Katalon Testing\\Amazon Software Testing\\Reports\\20240126_020303\\Amazon Home Page\\TC_Amazon_001\\20240126_020303"/>
         <property name="logFiles" value="E:\\Katalon Testing\\Amazon Software Testing\\Reports\\20240126_020303\\Amazon Home Page\\TC_Amazon_001\\20240126_020303\\execution0.log"/>
         <property name="attachments" value=""/>
         <property name="hostName" value="roopadharshini - Roopa"/>
         <property name="os" value="Windows 11 64bit"/>
         <property name="katalonVersion" value="9.2.0.212"/>
         <property name="browser" value="Chrome 120.0.0.0"/>
         <property name="hostAddress" value="192.168.1.3"/>
         <property name="sessionId" value="e104d48c5602ce50b46beb6f83343816"/>
         <property name="seleniumVersion" value="3.141.59"/>
         <property name="proxyInformation" value="ProxyInformation { proxyOption=NO_PROXY, proxyServerType=HTTP, username=, password=********, proxyServerAddress=, proxyServerPort=0, executionList=&quot;&quot;, isApplyToDesiredCapabilities=true }"/>
         <property name="platform" value="Windows 11"/>
      </properties>
      <testcase name="Test Cases/Amazon/Amazon Home Page/Validate_Amazon_Home_Page_001" time="8.418" classname="Test Cases/Amazon/Amazon Home Page/Validate_Amazon_Home_Page_001" status="PASSED">
         <system-out><![CDATA[26-01-2024T02:03:16 - [TEST_CASE][PASSED] - Test Cases/Amazon/Amazon Home Page/Validate_Amazon_Home_Page_001: Test Cases/Amazon/Amazon Home Page/Validate_Amazon_Home_Page_001

26-01-2024T02:03:17 - [TEST_STEP][PASSED] - openBrowser(""): Browser is opened with url: ''

26-01-2024T02:03:17 - [MESSAGE][INFO] - Starting 'Chrome' driver

26-01-2024T02:03:17 - [MESSAGE][INFO] - Action delay is set to 0 milliseconds

26-01-2024T02:03:20 - [MESSAGE][PASSED] - Browser is opened with url: ''

26-01-2024T02:03:20 - [TEST_STEP][PASSED] - navigateToUrl("https://www.amazon.in/"): Navigate to 'https://www.amazon.in/' successfully

26-01-2024T02:03:21 - [MESSAGE][PASSED] - Navigate to 'https://www.amazon.in/' successfully

26-01-2024T02:03:21 - [TEST_STEP][PASSED] - delay(3): Delayed 3 second(s)

26-01-2024T02:03:24 - [MESSAGE][PASSED] - Delayed 3 second(s)

26-01-2024T02:03:24 - [TEST_STEP][PASSED] - closeBrowser(): Browser is closed

26-01-2024T02:03:24 - [MESSAGE][PASSED] - Browser is closed]]></system-out>
         <system-err><![CDATA[]]></system-err>
      </testcase>
      <system-out><![CDATA[26-01-2024T02:03:16 - [TEST_SUITE][PASSED] - TC_Amazon_001: Test Cases/Amazon/Amazon Home Page/Validate_Amazon_Home_Page_001]]></system-out>
      <system-err><![CDATA[]]></system-err>
   </testsuite>
</testsuites>
