<?xml version="1.0" encoding="UTF-8"?>
<testsuites name="TC_Amazon_006" time="22.601" tests="1" failures="0" errors="0">
   <testsuite name="TC_Amazon_006" tests="1" failures="0" errors="0" time="22.601" skipped="0" timestamp="26-01-2024T12:16:40" hostname="roopadharshini - Roopa" id="Test Suites/Amazon Login Page/TC_Amazon_006">
      <properties>
         <property name="deviceName" value=""/>
         <property name="devicePlatform" value=""/>
         <property name="logFolder" value="E:\\Katalon Testing\\Amazon Software Testing\\Reports\\20240126_121626\\Amazon Login Page\\TC_Amazon_006\\20240126_121626"/>
         <property name="logFiles" value="E:\\Katalon Testing\\Amazon Software Testing\\Reports\\20240126_121626\\Amazon Login Page\\TC_Amazon_006\\20240126_121626\\execution0.log"/>
         <property name="attachments" value=""/>
         <property name="hostName" value="roopadharshini - Roopa"/>
         <property name="os" value="Windows 11 64bit"/>
         <property name="katalonVersion" value="9.2.0.212"/>
         <property name="browser" value="Chrome 120.0.0.0"/>
         <property name="hostAddress" value="192.168.1.3"/>
         <property name="sessionId" value="74fea4430070dc065b83396e577febe1"/>
         <property name="seleniumVersion" value="3.141.59"/>
         <property name="proxyInformation" value="ProxyInformation { proxyOption=NO_PROXY, proxyServerType=HTTP, username=, password=********, proxyServerAddress=, proxyServerPort=0, executionList=&quot;&quot;, isApplyToDesiredCapabilities=true }"/>
         <property name="platform" value="Windows 11"/>
      </properties>
      <testcase name="Test Cases/Amazon/Amazon Login Page/Validate_Amazon_NewUser_Reg_Page_006" time="21.917" classname="Test Cases/Amazon/Amazon Login Page/Validate_Amazon_NewUser_Reg_Page_006" status="PASSED">
         <system-out><![CDATA[26-01-2024T12:16:41 - [TEST_CASE][PASSED] - Test Cases/Amazon/Amazon Login Page/Validate_Amazon_NewUser_Reg_Page_006: Test Cases/Amazon/Amazon Login Page/Validate_Amazon_NewUser_Reg_Page_006

26-01-2024T12:16:42 - [TEST_STEP][PASSED] - openBrowser(""): Browser is opened with url: ''

26-01-2024T12:16:42 - [MESSAGE][INFO] - Starting 'Chrome' driver

26-01-2024T12:16:43 - [MESSAGE][INFO] - Action delay is set to 0 milliseconds

26-01-2024T12:16:46 - [MESSAGE][PASSED] - Browser is opened with url: ''

26-01-2024T12:16:46 - [TEST_STEP][PASSED] - navigateToUrl("https://www.amazon.in/"): Navigate to 'https://www.amazon.in/' successfully

26-01-2024T12:16:48 - [MESSAGE][PASSED] - Navigate to 'https://www.amazon.in/' successfully

26-01-2024T12:16:48 - [TEST_STEP][PASSED] - doubleClick(findTestObject("Amazon Login Page/Validate_Amazon_NewUser_Reg_Page_006/Page_Online Shopping site in India Shop Online for Mobiles, Books, Watches, Shoes and More - Amazon.in/a_Hello, sign in  Account  Lists")): Object: 'Object Repository/Amazon Login Page/Validate_Amazon_NewUser_Reg_Page_006/Page_Online Shopping site in India Shop Online for Mobiles, Books, Watches, Shoes and More - Amazon.in/a_Hello, sign in  Account  Lists' is double clicked on

26-01-2024T12:16:50 - [MESSAGE][PASSED] - Object: 'Object Repository/Amazon Login Page/Validate_Amazon_NewUser_Reg_Page_006/Page_Online Shopping site in India Shop Online for Mobiles, Books, Watches, Shoes and More - Amazon.in/a_Hello, sign in  Account  Lists' is double clicked on

26-01-2024T12:16:50 - [TEST_STEP][PASSED] - click(findTestObject("Amazon Login Page/Validate_Amazon_NewUser_Reg_Page_006/Page_Amazon Sign In/a_Create your Amazon account")): Object: 'Object Repository/Amazon Login Page/Validate_Amazon_NewUser_Reg_Page_006/Page_Amazon Sign In/a_Create your Amazon account' is clicked on

26-01-2024T12:16:52 - [MESSAGE][PASSED] - Object: 'Object Repository/Amazon Login Page/Validate_Amazon_NewUser_Reg_Page_006/Page_Amazon Sign In/a_Create your Amazon account' is clicked on

26-01-2024T12:16:52 - [TEST_STEP][PASSED] - setText(findTestObject("Amazon Login Page/Validate_Amazon_NewUser_Reg_Page_006/Page_Amazon Registration/input_Your name_customerName"), Username): Text 'Rd' is set on object 'Object Repository/Amazon Login Page/Validate_Amazon_NewUser_Reg_Page_006/Page_Amazon Registration/input_Your name_customerName'

26-01-2024T12:16:54 - [MESSAGE][PASSED] - Text 'Rd' is set on object 'Object Repository/Amazon Login Page/Validate_Amazon_NewUser_Reg_Page_006/Page_Amazon Registration/input_Your name_customerName'

26-01-2024T12:16:54 - [TEST_STEP][PASSED] - setText(findTestObject("Amazon Login Page/Validate_Amazon_NewUser_Reg_Page_006/Page_Amazon Registration/input_mobileNumber"), MobileNumber): Text '1234567891' is set on object 'Object Repository/Amazon Login Page/Validate_Amazon_NewUser_Reg_Page_006/Page_Amazon Registration/input_mobileNumber'

26-01-2024T12:16:55 - [MESSAGE][PASSED] - Text '1234567891' is set on object 'Object Repository/Amazon Login Page/Validate_Amazon_NewUser_Reg_Page_006/Page_Amazon Registration/input_mobileNumber'

26-01-2024T12:16:55 - [TEST_STEP][PASSED] - setText(findTestObject("Amazon Login Page/Validate_Amazon_NewUser_Reg_Page_006/Page_Amazon Registration/input_Email (optional)_secondaryLoginClaim"), Email): Text 'example@gmail.com' is set on object 'Object Repository/Amazon Login Page/Validate_Amazon_NewUser_Reg_Page_006/Page_Amazon Registration/input_Email (optional)_secondaryLoginClaim'

26-01-2024T12:16:56 - [MESSAGE][PASSED] - Text 'example@gmail.com' is set on object 'Object Repository/Amazon Login Page/Validate_Amazon_NewUser_Reg_Page_006/Page_Amazon Registration/input_Email (optional)_secondaryLoginClaim'

26-01-2024T12:16:56 - [TEST_STEP][PASSED] - setText(findTestObject("Amazon Login Page/Validate_Amazon_NewUser_Reg_Page_006/Page_Amazon Registration/input_Password_password"), Password): Text '8SQVv/p9jVScEs4/2CZsLw==' is set on object 'Object Repository/Amazon Login Page/Validate_Amazon_NewUser_Reg_Page_006/Page_Amazon Registration/input_Password_password'

26-01-2024T12:16:57 - [MESSAGE][PASSED] - Text '8SQVv/p9jVScEs4/2CZsLw==' is set on object 'Object Repository/Amazon Login Page/Validate_Amazon_NewUser_Reg_Page_006/Page_Amazon Registration/input_Password_password'

26-01-2024T12:16:57 - [TEST_STEP][PASSED] - click(findTestObject("Amazon Login Page/Validate_Amazon_NewUser_Reg_Page_006/Page_Amazon Registration/verify mobile")): Object: 'Object Repository/Amazon Login Page/Validate_Amazon_NewUser_Reg_Page_006/Page_Amazon Registration/verify mobile' is clicked on

26-01-2024T12:16:59 - [MESSAGE][PASSED] - Object: 'Object Repository/Amazon Login Page/Validate_Amazon_NewUser_Reg_Page_006/Page_Amazon Registration/verify mobile' is clicked on

26-01-2024T12:16:59 - [TEST_STEP][PASSED] - delay(3): Delayed 3 second(s)

26-01-2024T12:17:02 - [MESSAGE][PASSED] - Delayed 3 second(s)

26-01-2024T12:17:02 - [TEST_STEP][PASSED] - closeBrowser(): Browser is closed

26-01-2024T12:17:03 - [MESSAGE][PASSED] - Browser is closed]]></system-out>
         <system-err><![CDATA[]]></system-err>
      </testcase>
      <system-out><![CDATA[26-01-2024T12:16:40 - [TEST_SUITE][PASSED] - TC_Amazon_006: Test Cases/Amazon/Amazon Login Page/Validate_Amazon_NewUser_Reg_Page_006]]></system-out>
      <system-err><![CDATA[]]></system-err>
   </testsuite>
</testsuites>
