<?xml version="1.0" encoding="UTF-8"?>
<testsuites name="TC_Amazon_002" time="14.342" tests="1" failures="0" errors="0">
   <testsuite name="TC_Amazon_002" tests="1" failures="0" errors="0" time="14.342" skipped="0" timestamp="26-01-2024T02:05:30" hostname="roopadharshini - Roopa" id="Test Suites/Amazon Home Page/TC_Amazon_002">
      <properties>
         <property name="deviceName" value=""/>
         <property name="devicePlatform" value=""/>
         <property name="logFolder" value="E:\\Katalon Testing\\Amazon Software Testing\\Reports\\20240126_020515\\Amazon Home Page\\TC_Amazon_002\\20240126_020515"/>
         <property name="logFiles" value="E:\\Katalon Testing\\Amazon Software Testing\\Reports\\20240126_020515\\Amazon Home Page\\TC_Amazon_002\\20240126_020515\\execution0.log"/>
         <property name="attachments" value=""/>
         <property name="hostName" value="roopadharshini - Roopa"/>
         <property name="os" value="Windows 11 64bit"/>
         <property name="katalonVersion" value="9.2.0.212"/>
         <property name="browser" value="Chrome 120.0.0.0"/>
         <property name="hostAddress" value="192.168.1.3"/>
         <property name="sessionId" value="9da68c96f27df51823aec9dcef78ee3a"/>
         <property name="seleniumVersion" value="3.141.59"/>
         <property name="proxyInformation" value="ProxyInformation { proxyOption=NO_PROXY, proxyServerType=HTTP, username=, password=********, proxyServerAddress=, proxyServerPort=0, executionList=&quot;&quot;, isApplyToDesiredCapabilities=true }"/>
         <property name="platform" value="Windows 11"/>
      </properties>
      <testcase name="Test Cases/Amazon/Amazon Home Page/Validate_Amazon_Logo_002" time="13.605" classname="Test Cases/Amazon/Amazon Home Page/Validate_Amazon_Logo_002" status="PASSED">
         <system-out><![CDATA[26-01-2024T02:05:31 - [TEST_CASE][PASSED] - Test Cases/Amazon/Amazon Home Page/Validate_Amazon_Logo_002: Test Cases/Amazon/Amazon Home Page/Validate_Amazon_Logo_002

26-01-2024T02:05:31 - [TEST_STEP][PASSED] - openBrowser(""): Browser is opened with url: ''

26-01-2024T02:05:33 - [MESSAGE][INFO] - Starting 'Chrome' driver

26-01-2024T02:05:33 - [MESSAGE][INFO] - Action delay is set to 0 milliseconds

26-01-2024T02:05:37 - [MESSAGE][PASSED] - Browser is opened with url: ''

26-01-2024T02:05:37 - [TEST_STEP][PASSED] - navigateToUrl("https://www.amazon.in/"): Navigate to 'https://www.amazon.in/' successfully

26-01-2024T02:05:38 - [MESSAGE][PASSED] - Navigate to 'https://www.amazon.in/' successfully

26-01-2024T02:05:38 - [TEST_STEP][PASSED] - click(findTestObject("Object Repository/Amazon Pages/Validate_Amazon_Logo_002/Page_Online Shopping site in India Shop Onl_10c5f3/a_in")): Object: 'Object Repository/Amazon Pages/Validate_Amazon_Logo_002/Page_Online Shopping site in India Shop Onl_10c5f3/a_in' is clicked on

26-01-2024T02:05:43 - [MESSAGE][PASSED] - Object: 'Object Repository/Amazon Pages/Validate_Amazon_Logo_002/Page_Online Shopping site in India Shop Onl_10c5f3/a_in' is clicked on

26-01-2024T02:05:43 - [TEST_STEP][PASSED] - closeBrowser(): Browser is closed

26-01-2024T02:05:44 - [MESSAGE][PASSED] - Browser is closed]]></system-out>
         <system-err><![CDATA[]]></system-err>
      </testcase>
      <system-out><![CDATA[26-01-2024T02:05:30 - [TEST_SUITE][PASSED] - TC_Amazon_002: Test Cases/Amazon/Amazon Home Page/Validate_Amazon_Logo_002]]></system-out>
      <system-err><![CDATA[]]></system-err>
   </testsuite>
</testsuites>
