<?xml version="1.0" encoding="UTF-8"?>
<testsuites name="TC_Amazon_004" time="37.739" tests="1" failures="0" errors="0">
   <testsuite name="TC_Amazon_004" tests="1" failures="0" errors="0" time="37.739" skipped="0" timestamp="04-02-2024T18:30:45" hostname="roopadharshini - Roopa" id="Test Suites/Amazon Home Page/TC_Amazon_004">
      <properties>
         <property name="deviceName" value=""/>
         <property name="devicePlatform" value=""/>
         <property name="logFolder" value="E:\\Katalon Testing\\Amazon Software Testing\\Reports\\20240204_183031\\Amazon Home Page\\TC_Amazon_004\\20240204_183032"/>
         <property name="logFiles" value="E:\\Katalon Testing\\Amazon Software Testing\\Reports\\20240204_183031\\Amazon Home Page\\TC_Amazon_004\\20240204_183032\\execution0.log"/>
         <property name="attachments" value=""/>
         <property name="hostName" value="roopadharshini - Roopa"/>
         <property name="os" value="Windows 11 64bit"/>
         <property name="katalonVersion" value="9.2.0.212"/>
         <property name="browser" value="Chrome 121.0.0.0"/>
         <property name="hostAddress" value="192.168.1.6"/>
         <property name="sessionId" value="ce9c4317a6642b71f7200919b8892164"/>
         <property name="seleniumVersion" value="3.141.59"/>
         <property name="proxyInformation" value="ProxyInformation { proxyOption=NO_PROXY, proxyServerType=HTTP, username=, password=********, proxyServerAddress=, proxyServerPort=0, executionList=&quot;&quot;, isApplyToDesiredCapabilities=true }"/>
         <property name="platform" value="Windows 11"/>
      </properties>
      <testcase name="Test Cases/Amazon/Amazon Home Page/Validate_Amazon_Home_Page_Footer_Links_004" time="37.355" classname="Test Cases/Amazon/Amazon Home Page/Validate_Amazon_Home_Page_Footer_Links_004" status="PASSED">
         <system-out><![CDATA[04-02-2024T18:30:45 - [TEST_CASE][PASSED] - Test Cases/Amazon/Amazon Home Page/Validate_Amazon_Home_Page_Footer_Links_004: Test Cases/Amazon/Amazon Home Page/Validate_Amazon_Home_Page_Footer_Links_004

04-02-2024T18:30:45 - [TEST_STEP][PASSED] - openBrowser(""): Browser is opened with url: ''

04-02-2024T18:30:46 - [MESSAGE][INFO] - Starting 'Chrome' driver

04-02-2024T18:30:46 - [MESSAGE][INFO] - Action delay is set to 0 milliseconds

04-02-2024T18:30:49 - [MESSAGE][PASSED] - Browser is opened with url: ''

04-02-2024T18:30:49 - [TEST_STEP][PASSED] - navigateToUrl("https://www.amazon.in/"): Navigate to 'https://www.amazon.in/' successfully

04-02-2024T18:30:50 - [MESSAGE][PASSED] - Navigate to 'https://www.amazon.in/' successfully

04-02-2024T18:30:50 - [TEST_STEP][PASSED] - click(findTestObject("Object Repository/Amazon Pages/Validate_Amazon_Footer_Links_004/Page_Online Shopping site in India Shop Onl_10c5f3/a_AbeBooksBooks, art collectibles")): Object: 'Object Repository/Amazon Pages/Validate_Amazon_Footer_Links_004/Page_Online Shopping site in India Shop Onl_10c5f3/a_AbeBooksBooks, art collectibles' is clicked on

04-02-2024T18:30:53 - [MESSAGE][PASSED] - Object: 'Object Repository/Amazon Pages/Validate_Amazon_Footer_Links_004/Page_Online Shopping site in India Shop Onl_10c5f3/a_AbeBooksBooks, art collectibles' is clicked on

04-02-2024T18:30:53 - [TEST_STEP][PASSED] - click(findTestObject("Object Repository/Amazon Pages/Validate_Amazon_Footer_Links_004/Page_Online Shopping site in India Shop Onl_10c5f3/a_Amazon Web ServicesScalable CloudComputin_7d54b3")): Object: 'Object Repository/Amazon Pages/Validate_Amazon_Footer_Links_004/Page_Online Shopping site in India Shop Onl_10c5f3/a_Amazon Web ServicesScalable CloudComputin_7d54b3' is clicked on

04-02-2024T18:30:59 - [MESSAGE][PASSED] - Object: 'Object Repository/Amazon Pages/Validate_Amazon_Footer_Links_004/Page_Online Shopping site in India Shop Onl_10c5f3/a_Amazon Web ServicesScalable CloudComputin_7d54b3' is clicked on

04-02-2024T18:30:59 - [TEST_STEP][PASSED] - click(findTestObject("Object Repository/Amazon Pages/Validate_Amazon_Footer_Links_004/Page_Online Shopping site in India Shop Onl_10c5f3/a_AudibleDownloadAudio Books")): Object: 'Object Repository/Amazon Pages/Validate_Amazon_Footer_Links_004/Page_Online Shopping site in India Shop Onl_10c5f3/a_AudibleDownloadAudio Books' is clicked on

04-02-2024T18:31:02 - [MESSAGE][PASSED] - Object: 'Object Repository/Amazon Pages/Validate_Amazon_Footer_Links_004/Page_Online Shopping site in India Shop Onl_10c5f3/a_AudibleDownloadAudio Books' is clicked on

04-02-2024T18:31:02 - [TEST_STEP][PASSED] - click(findTestObject("Object Repository/Amazon Pages/Validate_Amazon_Footer_Links_004/Page_Online Shopping site in India Shop Onl_10c5f3/a_IMDbMovies, TV Celebrities")): Object: 'Object Repository/Amazon Pages/Validate_Amazon_Footer_Links_004/Page_Online Shopping site in India Shop Onl_10c5f3/a_IMDbMovies, TV Celebrities' is clicked on

04-02-2024T18:31:08 - [MESSAGE][PASSED] - Object: 'Object Repository/Amazon Pages/Validate_Amazon_Footer_Links_004/Page_Online Shopping site in India Shop Onl_10c5f3/a_IMDbMovies, TV Celebrities' is clicked on

04-02-2024T18:31:08 - [TEST_STEP][PASSED] - click(findTestObject("Object Repository/Amazon Pages/Validate_Amazon_Footer_Links_004/Page_Online Shopping site in India Shop Onl_10c5f3/a_ShopbopDesignerFashion Brands")): Object: 'Object Repository/Amazon Pages/Validate_Amazon_Footer_Links_004/Page_Online Shopping site in India Shop Onl_10c5f3/a_ShopbopDesignerFashion Brands' is clicked on

04-02-2024T18:31:13 - [MESSAGE][PASSED] - Object: 'Object Repository/Amazon Pages/Validate_Amazon_Footer_Links_004/Page_Online Shopping site in India Shop Onl_10c5f3/a_ShopbopDesignerFashion Brands' is clicked on

04-02-2024T18:31:13 - [TEST_STEP][PASSED] - click(findTestObject("Object Repository/Amazon Pages/Validate_Amazon_Footer_Links_004/Page_Online Shopping site in India Shop Onl_10c5f3/a_Amazon BusinessEverything ForYour Business")): Object: 'Object Repository/Amazon Pages/Validate_Amazon_Footer_Links_004/Page_Online Shopping site in India Shop Onl_10c5f3/a_Amazon BusinessEverything ForYour Business' is clicked on

04-02-2024T18:31:15 - [MESSAGE][PASSED] - Object: 'Object Repository/Amazon Pages/Validate_Amazon_Footer_Links_004/Page_Online Shopping site in India Shop Onl_10c5f3/a_Amazon BusinessEverything ForYour Business' is clicked on

04-02-2024T18:31:15 - [TEST_STEP][PASSED] - click(findTestObject("Object Repository/Amazon Pages/Validate_Amazon_Footer_Links_004/Page_Online Shopping site in India Shop Onl_10c5f3/a_Prime Now 2-Hour Deliveryon Everyday Items")): Object: 'Object Repository/Amazon Pages/Validate_Amazon_Footer_Links_004/Page_Online Shopping site in India Shop Onl_10c5f3/a_Prime Now 2-Hour Deliveryon Everyday Items' is clicked on

04-02-2024T18:31:18 - [MESSAGE][PASSED] - Object: 'Object Repository/Amazon Pages/Validate_Amazon_Footer_Links_004/Page_Online Shopping site in India Shop Onl_10c5f3/a_Prime Now 2-Hour Deliveryon Everyday Items' is clicked on

04-02-2024T18:31:18 - [TEST_STEP][PASSED] - click(findTestObject("Object Repository/Amazon Pages/Validate_Amazon_Footer_Links_004/Page_Online Shopping site in India Shop Onl_10c5f3/a_Amazon Prime Music100 million songs, ad-f_1958ce")): Object: 'Object Repository/Amazon Pages/Validate_Amazon_Footer_Links_004/Page_Online Shopping site in India Shop Onl_10c5f3/a_Amazon Prime Music100 million songs, ad-f_1958ce' is clicked on

04-02-2024T18:31:22 - [MESSAGE][PASSED] - Object: 'Object Repository/Amazon Pages/Validate_Amazon_Footer_Links_004/Page_Online Shopping site in India Shop Onl_10c5f3/a_Amazon Prime Music100 million songs, ad-f_1958ce' is clicked on

04-02-2024T18:31:22 - [TEST_STEP][PASSED] - closeBrowser(): Browser is closed

04-02-2024T18:31:22 - [MESSAGE][PASSED] - Browser is closed]]></system-out>
         <system-err><![CDATA[]]></system-err>
      </testcase>
      <system-out><![CDATA[04-02-2024T18:30:45 - [TEST_SUITE][PASSED] - TC_Amazon_004: Test Cases/Amazon/Amazon Home Page/Validate_Amazon_Home_Page_Footer_Links_004]]></system-out>
      <system-err><![CDATA[]]></system-err>
   </testsuite>
</testsuites>
