<?xml version="1.0" encoding="UTF-8"?>
<testsuites name="TC_Amazon_004" time="31.641" tests="1" failures="0" errors="0">
   <testsuite name="TC_Amazon_004" tests="1" failures="0" errors="0" time="31.641" skipped="0" timestamp="26-01-2024T02:07:59" hostname="roopadharshini - Roopa" id="Test Suites/Amazon Home Page/TC_Amazon_004">
      <properties>
         <property name="deviceName" value=""/>
         <property name="devicePlatform" value=""/>
         <property name="logFolder" value="E:\\Katalon Testing\\Amazon Software Testing\\Reports\\20240126_020749\\Amazon Home Page\\TC_Amazon_004\\20240126_020749"/>
         <property name="logFiles" value="E:\\Katalon Testing\\Amazon Software Testing\\Reports\\20240126_020749\\Amazon Home Page\\TC_Amazon_004\\20240126_020749\\execution0.log"/>
         <property name="attachments" value=""/>
         <property name="hostName" value="roopadharshini - Roopa"/>
         <property name="os" value="Windows 11 64bit"/>
         <property name="katalonVersion" value="9.2.0.212"/>
         <property name="browser" value="Chrome 120.0.0.0"/>
         <property name="hostAddress" value="192.168.1.3"/>
         <property name="sessionId" value="50a171e7d7858ba7353c1ad3685824ca"/>
         <property name="seleniumVersion" value="3.141.59"/>
         <property name="proxyInformation" value="ProxyInformation { proxyOption=NO_PROXY, proxyServerType=HTTP, username=, password=********, proxyServerAddress=, proxyServerPort=0, executionList=&quot;&quot;, isApplyToDesiredCapabilities=true }"/>
         <property name="platform" value="Windows 11"/>
      </properties>
      <testcase name="Test Cases/Amazon/Amazon Home Page/Validate_Amazon_Home_Page_Footer_Links_004" time="31.253" classname="Test Cases/Amazon/Amazon Home Page/Validate_Amazon_Home_Page_Footer_Links_004" status="PASSED">
         <system-out><![CDATA[26-01-2024T02:08:00 - [TEST_CASE][PASSED] - Test Cases/Amazon/Amazon Home Page/Validate_Amazon_Home_Page_Footer_Links_004: Test Cases/Amazon/Amazon Home Page/Validate_Amazon_Home_Page_Footer_Links_004

26-01-2024T02:08:00 - [TEST_STEP][PASSED] - openBrowser(""): Browser is opened with url: ''

26-01-2024T02:08:01 - [MESSAGE][INFO] - Starting 'Chrome' driver

26-01-2024T02:08:01 - [MESSAGE][INFO] - Action delay is set to 0 milliseconds

26-01-2024T02:08:04 - [MESSAGE][PASSED] - Browser is opened with url: ''

26-01-2024T02:08:04 - [TEST_STEP][PASSED] - navigateToUrl("https://www.amazon.in/"): Navigate to 'https://www.amazon.in/' successfully

26-01-2024T02:08:05 - [MESSAGE][PASSED] - Navigate to 'https://www.amazon.in/' successfully

26-01-2024T02:08:05 - [TEST_STEP][PASSED] - click(findTestObject("Object Repository/Amazon Pages/Validate_Amazon_Footer_Links_004/Page_Online Shopping site in India Shop Onl_10c5f3/a_AbeBooksBooks, art collectibles")): Object: 'Object Repository/Amazon Pages/Validate_Amazon_Footer_Links_004/Page_Online Shopping site in India Shop Onl_10c5f3/a_AbeBooksBooks, art collectibles' is clicked on

26-01-2024T02:08:08 - [MESSAGE][PASSED] - Object: 'Object Repository/Amazon Pages/Validate_Amazon_Footer_Links_004/Page_Online Shopping site in India Shop Onl_10c5f3/a_AbeBooksBooks, art collectibles' is clicked on

26-01-2024T02:08:08 - [TEST_STEP][PASSED] - click(findTestObject("Object Repository/Amazon Pages/Validate_Amazon_Footer_Links_004/Page_Online Shopping site in India Shop Onl_10c5f3/a_Amazon Web ServicesScalable CloudComputin_7d54b3")): Object: 'Object Repository/Amazon Pages/Validate_Amazon_Footer_Links_004/Page_Online Shopping site in India Shop Onl_10c5f3/a_Amazon Web ServicesScalable CloudComputin_7d54b3' is clicked on

26-01-2024T02:08:11 - [MESSAGE][PASSED] - Object: 'Object Repository/Amazon Pages/Validate_Amazon_Footer_Links_004/Page_Online Shopping site in India Shop Onl_10c5f3/a_Amazon Web ServicesScalable CloudComputin_7d54b3' is clicked on

26-01-2024T02:08:12 - [TEST_STEP][PASSED] - click(findTestObject("Object Repository/Amazon Pages/Validate_Amazon_Footer_Links_004/Page_Online Shopping site in India Shop Onl_10c5f3/a_AudibleDownloadAudio Books")): Object: 'Object Repository/Amazon Pages/Validate_Amazon_Footer_Links_004/Page_Online Shopping site in India Shop Onl_10c5f3/a_AudibleDownloadAudio Books' is clicked on

26-01-2024T02:08:14 - [MESSAGE][PASSED] - Object: 'Object Repository/Amazon Pages/Validate_Amazon_Footer_Links_004/Page_Online Shopping site in India Shop Onl_10c5f3/a_AudibleDownloadAudio Books' is clicked on

26-01-2024T02:08:14 - [TEST_STEP][PASSED] - click(findTestObject("Object Repository/Amazon Pages/Validate_Amazon_Footer_Links_004/Page_Online Shopping site in India Shop Onl_10c5f3/a_IMDbMovies, TV Celebrities")): Object: 'Object Repository/Amazon Pages/Validate_Amazon_Footer_Links_004/Page_Online Shopping site in India Shop Onl_10c5f3/a_IMDbMovies, TV Celebrities' is clicked on

26-01-2024T02:08:19 - [MESSAGE][PASSED] - Object: 'Object Repository/Amazon Pages/Validate_Amazon_Footer_Links_004/Page_Online Shopping site in India Shop Onl_10c5f3/a_IMDbMovies, TV Celebrities' is clicked on

26-01-2024T02:08:19 - [TEST_STEP][PASSED] - click(findTestObject("Object Repository/Amazon Pages/Validate_Amazon_Footer_Links_004/Page_Online Shopping site in India Shop Onl_10c5f3/a_ShopbopDesignerFashion Brands")): Object: 'Object Repository/Amazon Pages/Validate_Amazon_Footer_Links_004/Page_Online Shopping site in India Shop Onl_10c5f3/a_ShopbopDesignerFashion Brands' is clicked on

26-01-2024T02:08:23 - [MESSAGE][PASSED] - Object: 'Object Repository/Amazon Pages/Validate_Amazon_Footer_Links_004/Page_Online Shopping site in India Shop Onl_10c5f3/a_ShopbopDesignerFashion Brands' is clicked on

26-01-2024T02:08:23 - [TEST_STEP][PASSED] - click(findTestObject("Object Repository/Amazon Pages/Validate_Amazon_Footer_Links_004/Page_Online Shopping site in India Shop Onl_10c5f3/a_Amazon BusinessEverything ForYour Business")): Object: 'Object Repository/Amazon Pages/Validate_Amazon_Footer_Links_004/Page_Online Shopping site in India Shop Onl_10c5f3/a_Amazon BusinessEverything ForYour Business' is clicked on

26-01-2024T02:08:26 - [MESSAGE][PASSED] - Object: 'Object Repository/Amazon Pages/Validate_Amazon_Footer_Links_004/Page_Online Shopping site in India Shop Onl_10c5f3/a_Amazon BusinessEverything ForYour Business' is clicked on

26-01-2024T02:08:26 - [TEST_STEP][PASSED] - click(findTestObject("Object Repository/Amazon Pages/Validate_Amazon_Footer_Links_004/Page_Online Shopping site in India Shop Onl_10c5f3/a_Prime Now 2-Hour Deliveryon Everyday Items")): Object: 'Object Repository/Amazon Pages/Validate_Amazon_Footer_Links_004/Page_Online Shopping site in India Shop Onl_10c5f3/a_Prime Now 2-Hour Deliveryon Everyday Items' is clicked on

26-01-2024T02:08:28 - [MESSAGE][PASSED] - Object: 'Object Repository/Amazon Pages/Validate_Amazon_Footer_Links_004/Page_Online Shopping site in India Shop Onl_10c5f3/a_Prime Now 2-Hour Deliveryon Everyday Items' is clicked on

26-01-2024T02:08:28 - [TEST_STEP][PASSED] - click(findTestObject("Object Repository/Amazon Pages/Validate_Amazon_Footer_Links_004/Page_Online Shopping site in India Shop Onl_10c5f3/a_Amazon Prime Music100 million songs, ad-f_1958ce")): Object: 'Object Repository/Amazon Pages/Validate_Amazon_Footer_Links_004/Page_Online Shopping site in India Shop Onl_10c5f3/a_Amazon Prime Music100 million songs, ad-f_1958ce' is clicked on

26-01-2024T02:08:31 - [MESSAGE][PASSED] - Object: 'Object Repository/Amazon Pages/Validate_Amazon_Footer_Links_004/Page_Online Shopping site in India Shop Onl_10c5f3/a_Amazon Prime Music100 million songs, ad-f_1958ce' is clicked on

26-01-2024T02:08:31 - [TEST_STEP][PASSED] - closeBrowser(): Browser is closed

26-01-2024T02:08:31 - [MESSAGE][PASSED] - Browser is closed]]></system-out>
         <system-err><![CDATA[]]></system-err>
      </testcase>
      <system-out><![CDATA[26-01-2024T02:07:59 - [TEST_SUITE][PASSED] - TC_Amazon_004: Test Cases/Amazon/Amazon Home Page/Validate_Amazon_Home_Page_Footer_Links_004]]></system-out>
      <system-err><![CDATA[]]></system-err>
   </testsuite>
</testsuites>
