<?xml version="1.0" encoding="UTF-8"?>
<testsuites name="TC_Amazon_005" time="22.084" tests="1" failures="0" errors="0">
   <testsuite name="TC_Amazon_005" tests="1" failures="0" errors="0" time="22.084" skipped="0" timestamp="26-01-2024T02:09:29" hostname="roopadharshini - Roopa" id="Test Suites/Amazon Login Page/TC_Amazon_005">
      <properties>
         <property name="deviceName" value=""/>
         <property name="devicePlatform" value=""/>
         <property name="logFolder" value="E:\\Katalon Testing\\Amazon Software Testing\\Reports\\20240126_020919\\Amazon Login Page\\TC_Amazon_005\\20240126_020919"/>
         <property name="logFiles" value="E:\\Katalon Testing\\Amazon Software Testing\\Reports\\20240126_020919\\Amazon Login Page\\TC_Amazon_005\\20240126_020919\\execution0.log"/>
         <property name="attachments" value=""/>
         <property name="hostName" value="roopadharshini - Roopa"/>
         <property name="os" value="Windows 11 64bit"/>
         <property name="katalonVersion" value="9.2.0.212"/>
         <property name="browser" value="Chrome 120.0.0.0"/>
         <property name="hostAddress" value="192.168.1.3"/>
         <property name="sessionId" value="79fa3dcd8f1bc64d9fa50377221ce2a8"/>
         <property name="seleniumVersion" value="3.141.59"/>
         <property name="proxyInformation" value="ProxyInformation { proxyOption=NO_PROXY, proxyServerType=HTTP, username=, password=********, proxyServerAddress=, proxyServerPort=0, executionList=&quot;&quot;, isApplyToDesiredCapabilities=true }"/>
         <property name="platform" value="Windows 11"/>
      </properties>
      <testcase name="Test Cases/Amazon/Amazon Login Page/Validate_Amazon_Sign_In_Page_005" time="21.691" classname="Test Cases/Amazon/Amazon Login Page/Validate_Amazon_Sign_In_Page_005" status="PASSED">
         <system-out><![CDATA[26-01-2024T02:09:29 - [TEST_CASE][PASSED] - Test Cases/Amazon/Amazon Login Page/Validate_Amazon_Sign_In_Page_005: Test Cases/Amazon/Amazon Login Page/Validate_Amazon_Sign_In_Page_005

26-01-2024T02:09:30 - [TEST_STEP][PASSED] - openBrowser(""): Browser is opened with url: ''

26-01-2024T02:09:31 - [MESSAGE][INFO] - Starting 'Chrome' driver

26-01-2024T02:09:31 - [MESSAGE][INFO] - Action delay is set to 0 milliseconds

26-01-2024T02:09:33 - [MESSAGE][PASSED] - Browser is opened with url: ''

26-01-2024T02:09:33 - [TEST_STEP][PASSED] - navigateToUrl("https://www.amazon.in/"): Navigate to 'https://www.amazon.in/' successfully

26-01-2024T02:09:34 - [MESSAGE][PASSED] - Navigate to 'https://www.amazon.in/' successfully

26-01-2024T02:09:34 - [TEST_STEP][PASSED] - doubleClick(findTestObject("Object Repository/Amazon Login Page/Validate_Amazon_Sign_In_Page_005/Page_Online Shopping site in India Shop Onl_10c5f3/a_Hello, sign in  Account  Lists")): Object: 'Object Repository/Amazon Login Page/Validate_Amazon_Sign_In_Page_005/Page_Online Shopping site in India Shop Onl_10c5f3/a_Hello, sign in  Account  Lists' is double clicked on

26-01-2024T02:09:36 - [MESSAGE][PASSED] - Object: 'Object Repository/Amazon Login Page/Validate_Amazon_Sign_In_Page_005/Page_Online Shopping site in India Shop Onl_10c5f3/a_Hello, sign in  Account  Lists' is double clicked on

26-01-2024T02:09:36 - [TEST_STEP][PASSED] - setText(findTestObject("Object Repository/Amazon Login Page/Validate_Amazon_Sign_In_Page_005/Page_Amazon Sign In/input_email"), Email): Text 'example@gmail.com' is set on object 'Object Repository/Amazon Login Page/Validate_Amazon_Sign_In_Page_005/Page_Amazon Sign In/input_email'

26-01-2024T02:09:38 - [MESSAGE][PASSED] - Text 'example@gmail.com' is set on object 'Object Repository/Amazon Login Page/Validate_Amazon_Sign_In_Page_005/Page_Amazon Sign In/input_email'

26-01-2024T02:09:38 - [TEST_STEP][PASSED] - delay(3): Delayed 3 second(s)

26-01-2024T02:09:41 - [MESSAGE][PASSED] - Delayed 3 second(s)

26-01-2024T02:09:41 - [TEST_STEP][PASSED] - click(findTestObject("Object Repository/Amazon Login Page/Validate_Amazon_Sign_In_Page_005/Page_Amazon Sign In/inputcontinue")): Object: 'Object Repository/Amazon Login Page/Validate_Amazon_Sign_In_Page_005/Page_Amazon Sign In/inputcontinue' is clicked on

26-01-2024T02:09:43 - [MESSAGE][PASSED] - Object: 'Object Repository/Amazon Login Page/Validate_Amazon_Sign_In_Page_005/Page_Amazon Sign In/inputcontinue' is clicked on

26-01-2024T02:09:43 - [TEST_STEP][PASSED] - setEncryptedText(findTestObject("Object Repository/Amazon Login Page/Validate_Amazon_Sign_In_Page_005/Page_Amazon Sign In/input_password"), Password): Text ****** has been set on object 'Object Repository/Amazon Login Page/Validate_Amazon_Sign_In_Page_005/Page_Amazon Sign In/input_password'

26-01-2024T02:09:44 - [MESSAGE][PASSED] - Text ****** has been set on object 'Object Repository/Amazon Login Page/Validate_Amazon_Sign_In_Page_005/Page_Amazon Sign In/input_password'

26-01-2024T02:09:44 - [TEST_STEP][PASSED] - delay(3): Delayed 3 second(s)

26-01-2024T02:09:47 - [MESSAGE][PASSED] - Delayed 3 second(s)

26-01-2024T02:09:47 - [TEST_STEP][PASSED] - click(findTestObject("Object Repository/Amazon Login Page/Validate_Amazon_Sign_In_Page_005/Page_Amazon Sign In/inputsignInSubmit")): Object: 'Object Repository/Amazon Login Page/Validate_Amazon_Sign_In_Page_005/Page_Amazon Sign In/inputsignInSubmit' is clicked on

26-01-2024T02:09:48 - [MESSAGE][PASSED] - Object: 'Object Repository/Amazon Login Page/Validate_Amazon_Sign_In_Page_005/Page_Amazon Sign In/inputsignInSubmit' is clicked on

26-01-2024T02:09:48 - [TEST_STEP][PASSED] - delay(3): Delayed 3 second(s)

26-01-2024T02:09:51 - [MESSAGE][PASSED] - Delayed 3 second(s)

26-01-2024T02:09:51 - [TEST_STEP][PASSED] - closeBrowser(): Browser is closed

26-01-2024T02:09:51 - [MESSAGE][PASSED] - Browser is closed]]></system-out>
         <system-err><![CDATA[]]></system-err>
      </testcase>
      <system-out><![CDATA[26-01-2024T02:09:29 - [TEST_SUITE][PASSED] - TC_Amazon_005: Test Cases/Amazon/Amazon Login Page/Validate_Amazon_Sign_In_Page_005]]></system-out>
      <system-err><![CDATA[]]></system-err>
   </testsuite>
</testsuites>
