<?xml version="1.0" encoding="UTF-8"?>
<testsuites name="TC_Amazon_007" time="28.09" tests="1" failures="0" errors="0">
   <testsuite name="TC_Amazon_007" tests="1" failures="0" errors="0" time="28.09" skipped="0" timestamp="26-01-2024T12:18:59" hostname="roopadharshini - Roopa" id="Test Suites/Amazon Product Page/TC_Amazon_007">
      <properties>
         <property name="deviceName" value=""/>
         <property name="devicePlatform" value=""/>
         <property name="logFolder" value="E:\\Katalon Testing\\Amazon Software Testing\\Reports\\20240126_121840\\Amazon Product Page\\TC_Amazon_007\\20240126_121840"/>
         <property name="logFiles" value="E:\\Katalon Testing\\Amazon Software Testing\\Reports\\20240126_121840\\Amazon Product Page\\TC_Amazon_007\\20240126_121840\\execution0.log"/>
         <property name="attachments" value=""/>
         <property name="hostName" value="roopadharshini - Roopa"/>
         <property name="os" value="Windows 11 64bit"/>
         <property name="katalonVersion" value="9.2.0.212"/>
         <property name="browser" value="Chrome 120.0.0.0"/>
         <property name="hostAddress" value="192.168.1.3"/>
         <property name="sessionId" value="611956b7ab6f4f6bb50bc3812c616dad"/>
         <property name="seleniumVersion" value="3.141.59"/>
         <property name="proxyInformation" value="ProxyInformation { proxyOption=NO_PROXY, proxyServerType=HTTP, username=, password=********, proxyServerAddress=, proxyServerPort=0, executionList=&quot;&quot;, isApplyToDesiredCapabilities=true }"/>
         <property name="platform" value="Windows 11"/>
      </properties>
      <testcase name="Test Cases/Amazon/Amazon Product Page/Validate_Amazon_Search_Item_007" time="27.232" classname="Test Cases/Amazon/Amazon Product Page/Validate_Amazon_Search_Item_007" status="PASSED">
         <system-out><![CDATA[26-01-2024T12:19:00 - [TEST_CASE][PASSED] - Test Cases/Amazon/Amazon Product Page/Validate_Amazon_Search_Item_007: Test Cases/Amazon/Amazon Product Page/Validate_Amazon_Search_Item_007

26-01-2024T12:19:02 - [TEST_STEP][PASSED] - openBrowser(""): Browser is opened with url: ''

26-01-2024T12:19:03 - [MESSAGE][INFO] - Starting 'Chrome' driver

26-01-2024T12:19:03 - [MESSAGE][INFO] - Action delay is set to 0 milliseconds

26-01-2024T12:19:08 - [MESSAGE][PASSED] - Browser is opened with url: ''

26-01-2024T12:19:08 - [TEST_STEP][PASSED] - navigateToUrl("https://www.amazon.in/"): Navigate to 'https://www.amazon.in/' successfully

26-01-2024T12:19:10 - [MESSAGE][PASSED] - Navigate to 'https://www.amazon.in/' successfully

26-01-2024T12:19:10 - [TEST_STEP][PASSED] - setText(findTestObject("Object Repository/Amazon Product Page/Validate_Amazon_Search_Item_007/Page_Online Shopping site in India Shop Onl_10c5f3/input_field-keywords"), "Kids"): Text 'Kids' is set on object 'Object Repository/Amazon Product Page/Validate_Amazon_Search_Item_007/Page_Online Shopping site in India Shop Onl_10c5f3/input_field-keywords'

26-01-2024T12:19:14 - [MESSAGE][PASSED] - Text 'Kids' is set on object 'Object Repository/Amazon Product Page/Validate_Amazon_Search_Item_007/Page_Online Shopping site in India Shop Onl_10c5f3/input_field-keywords'

26-01-2024T12:19:14 - [TEST_STEP][PASSED] - click(findTestObject("Object Repository/Amazon Product Page/Validate_Amazon_Search_Item_007/Page_Online Shopping site in India Shop Onl_10c5f3/inputnav-search-submit-button")): Object: 'Object Repository/Amazon Product Page/Validate_Amazon_Search_Item_007/Page_Online Shopping site in India Shop Onl_10c5f3/inputnav-search-submit-button' is clicked on

26-01-2024T12:19:24 - [MESSAGE][PASSED] - Object: 'Object Repository/Amazon Product Page/Validate_Amazon_Search_Item_007/Page_Online Shopping site in India Shop Onl_10c5f3/inputnav-search-submit-button' is clicked on

26-01-2024T12:19:24 - [TEST_STEP][PASSED] - click(findTestObject("Object Repository/Amazon Product Page/Validate_Amazon_Search_Item_007/Page_Amazon.in  Kids/span_Results")): Object: 'Object Repository/Amazon Product Page/Validate_Amazon_Search_Item_007/Page_Amazon.in  Kids/span_Results' is clicked on

26-01-2024T12:19:27 - [MESSAGE][PASSED] - Object: 'Object Repository/Amazon Product Page/Validate_Amazon_Search_Item_007/Page_Amazon.in  Kids/span_Results' is clicked on

26-01-2024T12:19:27 - [TEST_STEP][PASSED] - closeBrowser(): Browser is closed

26-01-2024T12:19:27 - [MESSAGE][PASSED] - Browser is closed]]></system-out>
         <system-err><![CDATA[]]></system-err>
      </testcase>
      <system-out><![CDATA[26-01-2024T12:18:59 - [TEST_SUITE][PASSED] - TC_Amazon_007: Test Cases/Amazon/Amazon Product Page/Validate_Amazon_Search_Item_007]]></system-out>
      <system-err><![CDATA[]]></system-err>
   </testsuite>
</testsuites>
