<?xml version="1.0" encoding="UTF-8"?>
<testsuites name="TC_Amazon_005" time="34.154" tests="1" failures="0" errors="0">
   <testsuite name="TC_Amazon_005" tests="1" failures="0" errors="0" time="34.154" skipped="0" timestamp="04-02-2024T18:18:47" hostname="roopadharshini - Roopa" id="Test Suites/Amazon Login Page/TC_Amazon_005">
      <properties>
         <property name="deviceName" value=""/>
         <property name="devicePlatform" value=""/>
         <property name="logFolder" value="E:\\Katalon Testing\\Amazon Software Testing\\Reports\\20240204_181829\\Amazon Login Page\\TC_Amazon_005\\20240204_181830"/>
         <property name="logFiles" value="E:\\Katalon Testing\\Amazon Software Testing\\Reports\\20240204_181829\\Amazon Login Page\\TC_Amazon_005\\20240204_181830\\execution0.log"/>
         <property name="attachments" value=""/>
         <property name="hostName" value="roopadharshini - Roopa"/>
         <property name="os" value="Windows 11 64bit"/>
         <property name="katalonVersion" value="9.2.0.212"/>
         <property name="browser" value="Chrome 121.0.0.0"/>
         <property name="hostAddress" value="192.168.1.6"/>
         <property name="sessionId" value="ac1a5de8b256d585b07fd1b5080cd48c"/>
         <property name="seleniumVersion" value="3.141.59"/>
         <property name="proxyInformation" value="ProxyInformation { proxyOption=NO_PROXY, proxyServerType=HTTP, username=, password=********, proxyServerAddress=, proxyServerPort=0, executionList=&quot;&quot;, isApplyToDesiredCapabilities=true }"/>
         <property name="platform" value="Windows 11"/>
      </properties>
      <testcase name="Test Cases/Amazon/Amazon Login Page/Validate_Amazon_Sign_In_Page_005" time="32.752" classname="Test Cases/Amazon/Amazon Login Page/Validate_Amazon_Sign_In_Page_005" status="PASSED">
         <system-out><![CDATA[04-02-2024T18:18:48 - [TEST_CASE][PASSED] - Test Cases/Amazon/Amazon Login Page/Validate_Amazon_Sign_In_Page_005: Test Cases/Amazon/Amazon Login Page/Validate_Amazon_Sign_In_Page_005

04-02-2024T18:18:51 - [TEST_STEP][PASSED] - openBrowser(""): Browser is opened with url: ''

04-02-2024T18:18:53 - [MESSAGE][INFO] - Starting 'Chrome' driver

04-02-2024T18:18:53 - [MESSAGE][INFO] - Action delay is set to 0 milliseconds

04-02-2024T18:19:00 - [MESSAGE][PASSED] - Browser is opened with url: ''

04-02-2024T18:19:00 - [TEST_STEP][PASSED] - navigateToUrl("https://www.amazon.in/"): Navigate to 'https://www.amazon.in/' successfully

04-02-2024T18:19:02 - [MESSAGE][PASSED] - Navigate to 'https://www.amazon.in/' successfully

04-02-2024T18:19:02 - [TEST_STEP][PASSED] - doubleClick(findTestObject("Object Repository/Amazon Login Page/Validate_Amazon_Sign_In_Page_005/Page_Online Shopping site in India Shop Onl_10c5f3/a_Hello, sign in  Account  Lists")): Object: 'Object Repository/Amazon Login Page/Validate_Amazon_Sign_In_Page_005/Page_Online Shopping site in India Shop Onl_10c5f3/a_Hello, sign in  Account  Lists' is double clicked on

04-02-2024T18:19:05 - [MESSAGE][PASSED] - Object: 'Object Repository/Amazon Login Page/Validate_Amazon_Sign_In_Page_005/Page_Online Shopping site in India Shop Onl_10c5f3/a_Hello, sign in  Account  Lists' is double clicked on

04-02-2024T18:19:05 - [TEST_STEP][PASSED] - setText(findTestObject("Object Repository/Amazon Login Page/Validate_Amazon_Sign_In_Page_005/Page_Amazon Sign In/input_email"), Email): Text 'example@gmail.com' is set on object 'Object Repository/Amazon Login Page/Validate_Amazon_Sign_In_Page_005/Page_Amazon Sign In/input_email'

04-02-2024T18:19:08 - [MESSAGE][PASSED] - Text 'example@gmail.com' is set on object 'Object Repository/Amazon Login Page/Validate_Amazon_Sign_In_Page_005/Page_Amazon Sign In/input_email'

04-02-2024T18:19:08 - [TEST_STEP][PASSED] - delay(3): Delayed 3 second(s)

04-02-2024T18:19:11 - [MESSAGE][PASSED] - Delayed 3 second(s)

04-02-2024T18:19:11 - [TEST_STEP][PASSED] - click(findTestObject("Object Repository/Amazon Login Page/Validate_Amazon_Sign_In_Page_005/Page_Amazon Sign In/inputcontinue")): Object: 'Object Repository/Amazon Login Page/Validate_Amazon_Sign_In_Page_005/Page_Amazon Sign In/inputcontinue' is clicked on

04-02-2024T18:19:13 - [MESSAGE][PASSED] - Object: 'Object Repository/Amazon Login Page/Validate_Amazon_Sign_In_Page_005/Page_Amazon Sign In/inputcontinue' is clicked on

04-02-2024T18:19:13 - [TEST_STEP][PASSED] - setEncryptedText(findTestObject("Object Repository/Amazon Login Page/Validate_Amazon_Sign_In_Page_005/Page_Amazon Sign In/input_password"), Password): Text ****** has been set on object 'Object Repository/Amazon Login Page/Validate_Amazon_Sign_In_Page_005/Page_Amazon Sign In/input_password'

04-02-2024T18:19:14 - [MESSAGE][PASSED] - Text ****** has been set on object 'Object Repository/Amazon Login Page/Validate_Amazon_Sign_In_Page_005/Page_Amazon Sign In/input_password'

04-02-2024T18:19:14 - [TEST_STEP][PASSED] - delay(3): Delayed 3 second(s)

04-02-2024T18:19:17 - [MESSAGE][PASSED] - Delayed 3 second(s)

04-02-2024T18:19:17 - [TEST_STEP][PASSED] - click(findTestObject("Object Repository/Amazon Login Page/Validate_Amazon_Sign_In_Page_005/Page_Amazon Sign In/inputsignInSubmit")): Object: 'Object Repository/Amazon Login Page/Validate_Amazon_Sign_In_Page_005/Page_Amazon Sign In/inputsignInSubmit' is clicked on

04-02-2024T18:19:18 - [MESSAGE][PASSED] - Object: 'Object Repository/Amazon Login Page/Validate_Amazon_Sign_In_Page_005/Page_Amazon Sign In/inputsignInSubmit' is clicked on

04-02-2024T18:19:18 - [TEST_STEP][PASSED] - delay(3): Delayed 3 second(s)

04-02-2024T18:19:21 - [MESSAGE][PASSED] - Delayed 3 second(s)

04-02-2024T18:19:21 - [TEST_STEP][PASSED] - closeBrowser(): Browser is closed

04-02-2024T18:19:21 - [MESSAGE][PASSED] - Browser is closed]]></system-out>
         <system-err><![CDATA[]]></system-err>
      </testcase>
      <system-out><![CDATA[04-02-2024T18:18:47 - [TEST_SUITE][PASSED] - TC_Amazon_005: Test Cases/Amazon/Amazon Login Page/Validate_Amazon_Sign_In_Page_005]]></system-out>
      <system-err><![CDATA[]]></system-err>
   </testsuite>
</testsuites>
